# JRE version: OpenJDK Runtime Environment (23.0.1+11) (build 23.0.1+11-39)
# Java VM: OpenJDK 64-Bit Server VM (23.0.1+11-39, mixed mode, sharing, tiered, compressed oops, compressed class ptrs, g1 gc, windows-amd64)
GC Precious Log:
 CardTable entry size: 512
 Card Set container configuration: InlinePtr #cards 5 size 8 Array Of Cards #cards 10 size 36 Howl #buckets 4 coarsen threshold 1843 Howl Bitmap #cards 512 size 80 coarsen threshold 460 Card regions per heap region 1 cards per card region 2048
 CPUs: 12 total, 12 available
 Memory: 7599M
 Large Page Support: Disabled
 NUMA Support: Disabled
 Compressed Oops: Enabled (32-bit)
 Heap Region Size: 1M
 Heap Min Capacity: 8M
 Heap Initial Capacity: 120M
 Heap Max Capacity: 1900M
 Pre-touch: Disabled
 Parallel Workers: 10
 Concurrent Workers: 3
 Concurrent Refinement Workers: 10
 Periodic GC: Disabled
Heap:
 garbage-first heap   total reserved 1945600K, committed 66560K, used 44827K [0x0000000089400000, 0x0000000100000000)
  region size 1024K, 9 young (9216K), 3 survivors (3072K)
 Metaspace       used 84108K, committed 84928K, reserved 1179648K
  class space    used 11581K, committed 11904K, reserved 1048576K
GC Heap History (20 events):
Event: 5.373 GC heap before
{Heap before GC invocations=13 (full 0):
 garbage-first heap   total reserved 1945600K, committed 54272K, used 45352K [0x0000000089400000, 0x0000000100000000)
  region size 1024K, 23 young (23552K), 4 survivors (4096K)
 Metaspace       used 57127K, committed 57728K, reserved 1114112K
  class space    used 7622K, committed 7872K, reserved 1048576K
}
Event: 5.378 GC heap after
{Heap after GC invocations=14 (full 0):
 garbage-first heap   total reserved 1945600K, committed 54272K, used 27296K [0x0000000089400000, 0x0000000100000000)
  region size 1024K, 2 young (2048K), 2 survivors (2048K)
 Metaspace       used 57127K, committed 57728K, reserved 1114112K
  class space    used 7622K, committed 7872K, reserved 1048576K
}
Event: 5.556 GC heap before
{Heap before GC invocations=14 (full 0):
 garbage-first heap   total reserved 1945600K, committed 54272K, used 35488K [0x0000000089400000, 0x0000000100000000)
  region size 1024K, 12 young (12288K), 2 survivors (2048K)
 Metaspace       used 59488K, committed 60096K, reserved 1114112K
  class space    used 7908K, committed 8192K, reserved 1048576K
}
Event: 5.559 GC heap after
{Heap after GC invocations=15 (full 0):
 garbage-first heap   total reserved 1945600K, committed 54272K, used 27692K [0x0000000089400000, 0x0000000100000000)
  region size 1024K, 2 young (2048K), 2 survivors (2048K)
 Metaspace       used 59488K, committed 60096K, reserved 1114112K
  class space    used 7908K, committed 8192K, reserved 1048576K
}
Event: 5.927 GC heap before
{Heap before GC invocations=16 (full 0):
 garbage-first heap   total reserved 1945600K, committed 54272K, used 47148K [0x0000000089400000, 0x0000000100000000)
  region size 1024K, 21 young (21504K), 2 survivors (2048K)
 Metaspace       used 64379K, committed 65024K, reserved 1114112K
  class space    used 8794K, committed 9088K, reserved 1048576K
}
Event: 5.929 GC heap after
{Heap after GC invocations=17 (full 0):
 garbage-first heap   total reserved 1945600K, committed 54272K, used 28596K [0x0000000089400000, 0x0000000100000000)
  region size 1024K, 2 young (2048K), 2 survivors (2048K)
 Metaspace       used 64379K, committed 65024K, reserved 1114112K
  class space    used 8794K, committed 9088K, reserved 1048576K
}
Event: 6.291 GC heap before
{Heap before GC invocations=17 (full 0):
 garbage-first heap   total reserved 1945600K, committed 54272K, used 47028K [0x0000000089400000, 0x0000000100000000)
  region size 1024K, 20 young (20480K), 2 survivors (2048K)
 Metaspace       used 68528K, committed 69184K, reserved 1114112K
  class space    used 9380K, committed 9664K, reserved 1048576K
}
Event: 6.295 GC heap after
{Heap after GC invocations=18 (full 0):
 garbage-first heap   total reserved 1945600K, committed 54272K, used 29451K [0x0000000089400000, 0x0000000100000000)
  region size 1024K, 3 young (3072K), 3 survivors (3072K)
 Metaspace       used 68528K, committed 69184K, reserved 1114112K
  class space    used 9380K, committed 9664K, reserved 1048576K
}
Event: 6.624 GC heap before
{Heap before GC invocations=18 (full 0):
 garbage-first heap   total reserved 1945600K, committed 54272K, used 45835K [0x0000000089400000, 0x0000000100000000)
  region size 1024K, 19 young (19456K), 3 survivors (3072K)
 Metaspace       used 72091K, committed 72768K, reserved 1114112K
  class space    used 9848K, committed 10112K, reserved 1048576K
}
Event: 6.629 GC heap after
{Heap after GC invocations=19 (full 0):
 garbage-first heap   total reserved 1945600K, committed 54272K, used 31066K [0x0000000089400000, 0x0000000100000000)
  region size 1024K, 3 young (3072K), 3 survivors (3072K)
 Metaspace       used 72091K, committed 72768K, reserved 1114112K
  class space    used 9848K, committed 10112K, reserved 1048576K
}
Event: 6.848 GC heap before
{Heap before GC invocations=20 (full 0):
 garbage-first heap   total reserved 1945600K, committed 54272K, used 46426K [0x0000000089400000, 0x0000000100000000)
  region size 1024K, 18 young (18432K), 3 survivors (3072K)
 Metaspace       used 72585K, committed 73344K, reserved 1114112K
  class space    used 9947K, committed 10304K, reserved 1048576K
}
Event: 6.851 GC heap after
{Heap after GC invocations=21 (full 0):
 garbage-first heap   total reserved 1945600K, committed 54272K, used 32088K [0x0000000089400000, 0x0000000100000000)
  region size 1024K, 3 young (3072K), 3 survivors (3072K)
 Metaspace       used 72585K, committed 73344K, reserved 1114112K
  class space    used 9947K, committed 10304K, reserved 1048576K
}
Event: 7.100 GC heap before
{Heap before GC invocations=21 (full 0):
 garbage-first heap   total reserved 1945600K, committed 54272K, used 45400K [0x0000000089400000, 0x0000000100000000)
  region size 1024K, 17 young (17408K), 3 survivors (3072K)
 Metaspace       used 74171K, committed 74944K, reserved 1114112K
  class space    used 10184K, committed 10560K, reserved 1048576K
}
Event: 7.104 GC heap after
{Heap after GC invocations=22 (full 0):
 garbage-first heap   total reserved 1945600K, committed 65536K, used 33325K [0x0000000089400000, 0x0000000100000000)
  region size 1024K, 3 young (3072K), 3 survivors (3072K)
 Metaspace       used 74171K, committed 74944K, reserved 1114112K
  class space    used 10184K, committed 10560K, reserved 1048576K
}
Event: 7.462 GC heap before
{Heap before GC invocations=22 (full 0):
 garbage-first heap   total reserved 1945600K, committed 65536K, used 56877K [0x0000000089400000, 0x0000000100000000)
  region size 1024K, 26 young (26624K), 3 survivors (3072K)
 Metaspace       used 76129K, committed 76864K, reserved 1179648K
  class space    used 10483K, committed 10816K, reserved 1048576K
}
Event: 7.467 GC heap after
{Heap after GC invocations=23 (full 0):
 garbage-first heap   total reserved 1945600K, committed 65536K, used 35546K [0x0000000089400000, 0x0000000100000000)
  region size 1024K, 4 young (4096K), 4 survivors (4096K)
 Metaspace       used 76129K, committed 76864K, reserved 1179648K
  class space    used 10483K, committed 10816K, reserved 1048576K
}
Event: 9.129 GC heap before
{Heap before GC invocations=23 (full 0):
 garbage-first heap   total reserved 1945600K, committed 65536K, used 55002K [0x0000000089400000, 0x0000000100000000)
  region size 1024K, 24 young (24576K), 4 survivors (4096K)
 Metaspace       used 79672K, committed 80448K, reserved 1179648K
  class space    used 11013K, committed 11328K, reserved 1048576K
}
Event: 9.134 GC heap after
{Heap after GC invocations=24 (full 0):
 garbage-first heap   total reserved 1945600K, committed 65536K, used 36807K [0x0000000089400000, 0x0000000100000000)
  region size 1024K, 2 young (2048K), 2 survivors (2048K)
 Metaspace       used 79672K, committed 80448K, reserved 1179648K
  class space    used 11013K, committed 11328K, reserved 1048576K
}
Event: 35.777 GC heap before
{Heap before GC invocations=24 (full 0):
 garbage-first heap   total reserved 1945600K, committed 65536K, used 57287K [0x0000000089400000, 0x0000000100000000)
  region size 1024K, 23 young (23552K), 2 survivors (2048K)
 Metaspace       used 83940K, committed 84672K, reserved 1179648K
  class space    used 11576K, committed 11904K, reserved 1048576K
}
Event: 35.780 GC heap after
{Heap after GC invocations=25 (full 0):
 garbage-first heap   total reserved 1945600K, committed 65536K, used 39707K [0x0000000089400000, 0x0000000100000000)
  region size 1024K, 3 young (3072K), 3 survivors (3072K)
 Metaspace       used 83940K, committed 84672K, reserved 1179648K
  class space    used 11576K, committed 11904K, reserved 1048576K
}

